<?xml version="1.0" encoding="UTF-8"?>
<!-- Generated by org.testng.reporters.JUnitXMLReporter -->
<testsuite hostname="Chetuiwk255" ignored="2" name="Default test" tests="1" failures="0" timestamp="08 Apr 2019 17:45:47 GMT" time="3.83" errors="0">
  <testcase name="staticpayloadJSONtest" time="3.654" classname="com.qa.APITest.com.qa.APITest.AddBookTest"/>
  <testcase name="AddbookthroughJSONtest" time="0.0" classname="com.qa.APITest.com.qa.APITest.AddBookTest">
    <ignored/>
  </testcase> <!-- AddbookthroughJSONtest -->
  <testcase name="Addbookusingdataprovider" time="0.0" classname="com.qa.APITest.com.qa.APITest.AddBookTest">
    <ignored/>
  </testcase> <!-- Addbookusingdataprovider -->
</testsuite> <!-- Default test -->
