<?xml version="1.0" encoding="UTF-8"?>
<!-- Generated by org.testng.reporters.JUnitXMLReporter -->
<testsuite hostname="Chetuiwk255" ignored="4" name="Default test" tests="1" failures="0" timestamp="11 Apr 2019 17:50:49 GMT" time="3.883" errors="0">
  <testcase name="GetIssueDetails" time="3.812" classname="com.qa.JIRAAPITests.CreateIssue"/>
  <testcase name="Invalidbody" time="0.0" classname="com.qa.JIRAAPITests.CreateIssue">
    <ignored/>
  </testcase> <!-- Invalidbody -->
  <testcase name="InvalidSessionid" time="0.0" classname="com.qa.JIRAAPITests.CreateIssue">
    <ignored/>
  </testcase> <!-- InvalidSessionid -->
  <testcase name="CreateissueinJIRA" time="0.0" classname="com.qa.JIRAAPITests.CreateIssue">
    <ignored/>
  </testcase> <!-- CreateissueinJIRA -->
  <testcase name="BlankSessionid" time="0.0" classname="com.qa.JIRAAPITests.CreateIssue">
    <ignored/>
  </testcase> <!-- BlankSessionid -->
</testsuite> <!-- Default test -->
