<?xml version="1.0" encoding="UTF-8"?>
<!-- Generated by org.testng.reporters.JUnitXMLReporter -->
<testsuite hostname="Chetuiwk255" ignored="0" name="Default test" tests="6" failures="0" timestamp="09 Apr 2019 17:20:20 GMT" time="6.84" errors="0">
  <testcase name="AuthenticationJIRA" time="6.312" classname="com.qa.JIRAAPITests.Authenticationtests"/>
  <testcase name="JIRAuthenticationinvalidata" time="0.149" classname="com.qa.JIRAAPITests.Authenticationtests"/>
  <testcase name="JIRAuthenticationinvalidata" time="0.067" classname="com.qa.JIRAAPITests.Authenticationtests"/>
  <testcase name="JIRAuthenticationinvalidata" time="0.078" classname="com.qa.JIRAAPITests.Authenticationtests"/>
  <testcase name="JIRAuthenticationinvalidata" time="0.048" classname="com.qa.JIRAAPITests.Authenticationtests"/>
  <testcase name="JIRAuthenticationinvalidata" time="0.073" classname="com.qa.JIRAAPITests.Authenticationtests"/>
</testsuite> <!-- Default test -->
