<?xml version="1.0" encoding="UTF-8"?>
<testng-results skipped="0" failed="0" ignored="1" total="2" passed="1">
  <reporter-output>
  </reporter-output>
  <suite name="Default suite" duration-ms="4600" started-at="2019-04-16T11:44:42Z" finished-at="2019-04-16T11:44:46Z">
    <groups>
    </groups>
    <test name="Default test" duration-ms="4600" started-at="2019-04-16T11:44:42Z" finished-at="2019-04-16T11:44:46Z">
      <class name="com.qa.TwitterAPITests.GetTweets">
        <test-method status="PASS" signature="getdata()[pri:0, instance:com.qa.TwitterAPITests.GetTweets@548e7350]" name="getdata" is-config="true" duration-ms="18" started-at="2019-04-16T11:44:42Z" finished-at="2019-04-16T11:44:42Z">
          <reporter-output>
          </reporter-output>
        </test-method> <!-- getdata -->
        <test-method status="PASS" signature="GetweetsbyCount()[pri:0, instance:com.qa.TwitterAPITests.GetTweets@548e7350]" name="GetweetsbyCount" duration-ms="4512" started-at="2019-04-16T11:44:42Z" description="Test to Get the Tweets from the Timeline using Twitter API" finished-at="2019-04-16T11:44:46Z">
          <reporter-output>
          </reporter-output>
        </test-method> <!-- GetweetsbyCount -->
      </class> <!-- com.qa.TwitterAPITests.GetTweets -->
    </test> <!-- Default test -->
  </suite> <!-- Default suite -->
</testng-results>
