<?xml version="1.0" encoding="UTF-8"?>
<!-- Generated by org.testng.reporters.JUnitReportReporter -->
<testsuite skipped="3" hostname="Chetuiwk255" name="com.qa.APITest.com.qa.APITest.GooglePlacesearch" tests="4" failures="0" timestamp="06 Apr 2019 11:28:17 GMT" time="4.204" errors="0">
  <testcase name="googleplacesearchAPIscenario4test" time="4.204" classname="com.qa.APITest.com.qa.APITest.GooglePlacesearch"/>
  <testcase name="googleplacesearchAPIscenario2test" classname="com.qa.APITest.com.qa.APITest.GooglePlacesearch">
    <skipped/>
  </testcase> <!-- googleplacesearchAPIscenario2test -->
  <testcase name="googleplacesearchAPIscenario3test" classname="com.qa.APITest.com.qa.APITest.GooglePlacesearch">
    <skipped/>
  </testcase> <!-- googleplacesearchAPIscenario3test -->
  <testcase name="googleplacesearchAPIscenario1test" classname="com.qa.APITest.com.qa.APITest.GooglePlacesearch">
    <skipped/>
  </testcase> <!-- googleplacesearchAPIscenario1test -->
</testsuite> <!-- com.qa.APITest.com.qa.APITest.GooglePlacesearch -->
