<?xml version="1.0" encoding="UTF-8"?>
<!-- Generated by org.testng.reporters.JUnitReportReporter -->
<testsuite skipped="0" hostname="Chetuiwk255" name="com.qa.APITest.com.qa.APITest.AddandDeletePlaceIDthroughJSON" tests="1" failures="0" timestamp="05 Apr 2019 11:52:26 GMT" time="3.815" errors="0">
  <testcase name="addanddeleteplacethroughJSONtest" time="3.815" classname="com.qa.APITest.com.qa.APITest.AddandDeletePlaceIDthroughJSON"/>
</testsuite> <!-- com.qa.APITest.com.qa.APITest.AddandDeletePlaceIDthroughJSON -->
