<?xml version="1.0" encoding="UTF-8"?>
<!-- Generated by org.testng.reporters.JUnitReportReporter -->
<testsuite skipped="0" hostname="Chetuiwk255" name="com.qa.JIRAAPITests.Authenticationtests" tests="6" failures="0" timestamp="09 Apr 2019 17:20:21 GMT" time="6.766" errors="0">
  <testcase name="JIRAuthenticationinvalidata" time="0.180" classname="com.qa.JIRAAPITests.Authenticationtests"/>
  <testcase name="JIRAuthenticationinvalidata" time="0.079" classname="com.qa.JIRAAPITests.Authenticationtests"/>
  <testcase name="JIRAuthenticationinvalidata" time="0.052" classname="com.qa.JIRAAPITests.Authenticationtests"/>
  <testcase name="JIRAuthenticationinvalidata" time="0.073" classname="com.qa.JIRAAPITests.Authenticationtests"/>
  <testcase name="AuthenticationJIRA" time="6.314" classname="com.qa.JIRAAPITests.Authenticationtests"/>
  <testcase name="JIRAuthenticationinvalidata" time="0.068" classname="com.qa.JIRAAPITests.Authenticationtests"/>
</testsuite> <!-- com.qa.JIRAAPITests.Authenticationtests -->
