<?xml version="1.0" encoding="UTF-8"?>
<!-- Generated by org.testng.reporters.JUnitReportReporter -->
<testsuite skipped="4" hostname="Chetuiwk255" name="com.qa.JIRAAPITests.CreateIssue" tests="5" failures="0" timestamp="11 Apr 2019 17:50:49 GMT" time="3.832" errors="0">
  <testcase name="GetIssueDetails" time="3.832" classname="com.qa.JIRAAPITests.CreateIssue"/>
  <testcase name="Invalidbody" classname="com.qa.JIRAAPITests.CreateIssue">
    <skipped/>
  </testcase> <!-- Invalidbody -->
  <testcase name="InvalidSessionid" classname="com.qa.JIRAAPITests.CreateIssue">
    <skipped/>
  </testcase> <!-- InvalidSessionid -->
  <testcase name="CreateissueinJIRA" classname="com.qa.JIRAAPITests.CreateIssue">
    <skipped/>
  </testcase> <!-- CreateissueinJIRA -->
  <testcase name="BlankSessionid" classname="com.qa.JIRAAPITests.CreateIssue">
    <skipped/>
  </testcase> <!-- BlankSessionid -->
</testsuite> <!-- com.qa.JIRAAPITests.CreateIssue -->
