<?xml version="1.0" encoding="UTF-8"?>
<!-- Generated by org.testng.reporters.JUnitReportReporter -->
<testsuite skipped="1" hostname="Chetuiwk255" name="com.qa.TwitterAPITests.GetTweets" tests="2" failures="0" timestamp="16 Apr 2019 11:44:46 GMT" time="4.530" errors="0">
  <testcase name="GetweetsbyCount" time="4.530" classname="com.qa.TwitterAPITests.GetTweets"/>
  <testcase name="Getweets" classname="com.qa.TwitterAPITests.GetTweets">
    <skipped/>
  </testcase> <!-- Getweets -->
</testsuite> <!-- com.qa.TwitterAPITests.GetTweets -->
