<?xml version="1.0" encoding="UTF-8"?>
<!-- Generated by org.testng.reporters.JUnitReportReporter -->
<testsuite skipped="1" hostname="Chetuiwk255" name="com.qa.JIRAAPITests.AddingComments" tests="2" failures="0" timestamp="11 Apr 2019 15:14:33 GMT" time="3.772" errors="0">
  <testcase name="AddComments" time="3.772" classname="com.qa.JIRAAPITests.AddingComments"/>
  <testcase name="AddComment" classname="com.qa.JIRAAPITests.AddingComments">
    <skipped/>
  </testcase> <!-- AddComment -->
</testsuite> <!-- com.qa.JIRAAPITests.AddingComments -->
